<?xml version="1.0" encoding="UTF-8"?>
<coverage generated="1676670383571" clover="3.2.0">
  <project timestamp="1676670383571" name="All files">
    <metrics statements="12" coveredstatements="12" conditionals="2" coveredconditionals="2" methods="2" coveredmethods="2" elements="16" coveredelements="16" complexity="0" loc="12" ncloc="12" packages="1" files="2" classes="2"/>
    <file name="commentsCounter.js" path="C:\Users\Admin\Desktop\Javascript-Capstone-project\src\modules\commentsCounter.js">
      <metrics statements="2" coveredstatements="2" conditionals="0" coveredconditionals="0" methods="1" coveredmethods="1"/>
      <line num="1" count="1" type="stmt"/>
      <line num="2" count="1" type="stmt"/>
    </file>
    <file name="fetchLikes.js" path="C:\Users\Admin\Desktop\Javascript-Capstone-project\src\modules\fetchLikes.js">
      <metrics statements="10" coveredstatements="10" conditionals="2" coveredconditionals="2" methods="1" coveredmethods="1"/>
      <line num="1" count="1" type="stmt"/>
      <line num="2" count="1" type="stmt"/>
      <line num="3" count="1" type="stmt"/>
      <line num="4" count="3" type="stmt"/>
      <line num="5" count="3" type="stmt"/>
      <line num="6" count="2" type="cond" truecount="2" falsecount="0"/>
      <line num="7" count="1" type="stmt"/>
      <line num="8" count="1" type="stmt"/>
      <line num="10" count="1" type="stmt"/>
      <line num="12" count="1" type="stmt"/>
    </file>
  </project>
</coverage>
