{"C:\\Users\\Admin\\Desktop\\Javascript-Capstone-project\\src\\modules\\fetchLikes.js": {"path":"C:\\Users\\Admin\\Desktop\\Javascript-Capstone-project\\src\\modules\\fetchLikes.js","statementMap":{"0":{"start":{"line":1,"column":17},"end":{"line":1,"column":90}},"1":{"start":{"line":2,"column":15},"end":{"line":2,"column":37}},"2":{"start":{"line":3,"column":19},"end":{"line":14,"column":1}},"3":{"start":{"line":4,"column":2},"end":{"line":13,"column":3}},"4":{"start":{"line":5,"column":21},"end":{"line":5,"column":63}},"5":{"start":{"line":6,"column":4},"end":{"line":9,"column":5}},"6":{"start":{"line":7,"column":19},"end":{"line":7,"column":34}},"7":{"start":{"line":8,"column":6},"end":{"line":8,"column":18}},"8":{"start":{"line":10,"column":4},"end":{"line":10,"column":14}},"9":{"start":{"line":12,"column":4},"end":{"line":12,"column":15}}},"fnMap":{"0":{"name":"(anonymous_0)","decl":{"start":{"line":3,"column":19},"end":{"line":3,"column":20}},"loc":{"start":{"line":3,"column":31},"end":{"line":14,"column":1}},"line":3}},"branchMap":{"0":{"loc":{"start":{"line":6,"column":4},"end":{"line":9,"column":5}},"type":"if","locations":[{"start":{"line":6,"column":4},"end":{"line":9,"column":5}},{"start":{},"end":{}}],"line":6}},"s":{"0":1,"1":1,"2":1,"3":3,"4":3,"5":2,"6":1,"7":1,"8":1,"9":1},"f":{"0":3},"b":{"0":[1,1]},"_coverageSchema":"1a1c01bbd47fc00a2c39e90264f33305004495a9","hash":"e4fc30f0b997e331b13fa71b4b43aabafbbfd3e1"}
}
